INFO:     Started server process [519053]
INFO:     Waiting for application startup.
2026-04-19 18:32:57,125 [INFO] 🚀 MEXC ML Trading System başlatılıyor...
2026-04-19 18:32:57,125 [INFO] Scanner loop başladı
INFO:     Application startup complete.
INFO:     Uvicorn running on http://0.0.0.0:8002 (Press CTRL+C to quit)
2026-04-19 18:32:57,493 [INFO] HTTP Request: GET https://contract.mexc.com/api/v1/contract/ticker?symbol=ETH_USDT "HTTP/1.1 200 OK"
2026-04-19 18:32:57,497 [INFO] HTTP Request: GET https://contract.mexc.com/api/v1/contract/ticker?symbol=BNB_USDT "HTTP/1.1 200 OK"
2026-04-19 18:32:57,499 [INFO] HTTP Request: GET https://contract.mexc.com/api/v1/contract/ticker?symbol=DOT_USDT "HTTP/1.1 200 OK"
2026-04-19 18:32:57,500 [INFO] HTTP Request: GET https://contract.mexc.com/api/v1/contract/ticker?symbol=BTC_USDT "HTTP/1.1 200 OK"
2026-04-19 18:32:57,502 [INFO] HTTP Request: GET https://contract.mexc.com/api/v1/contract/ticker?symbol=ADA_USDT "HTTP/1.1 200 OK"
2026-04-19 18:32:57,513 [INFO] HTTP Request: GET https://contract.mexc.com/api/v1/contract/ticker?symbol=MATIC_USDT "HTTP/1.1 200 OK"
2026-04-19 18:32:57,515 [INFO] HTTP Request: GET https://contract.mexc.com/api/v1/contract/ticker?symbol=DOGE_USDT "HTTP/1.1 200 OK"
2026-04-19 18:32:57,516 [INFO] HTTP Request: GET https://contract.mexc.com/api/v1/contract/ticker?symbol=XRP_USDT "HTTP/1.1 200 OK"
2026-04-19 18:32:57,517 [INFO] HTTP Request: GET https://contract.mexc.com/api/v1/contract/ticker?symbol=SOL_USDT "HTTP/1.1 200 OK"
2026-04-19 18:32:57,519 [INFO] HTTP Request: GET https://contract.mexc.com/api/v1/contract/ticker?symbol=AVAX_USDT "HTTP/1.1 200 OK"
2026-04-19 18:32:57,721 [INFO] HTTP Request: GET https://contract.mexc.com/api/v1/contract/kline/MATIC_USDT?interval=Min15&limit=100 "HTTP/1.1 200 OK"
2026-04-19 18:32:57,757 [INFO] HTTP Request: GET https://contract.mexc.com/api/v1/contract/kline/ETH_USDT?interval=Min15&limit=100 "HTTP/1.1 200 OK"
2026-04-19 18:32:57,761 [INFO] HTTP Request: GET https://contract.mexc.com/api/v1/contract/kline/DOT_USDT?interval=Min15&limit=100 "HTTP/1.1 200 OK"
2026-04-19 18:32:57,764 [INFO] HTTP Request: GET https://contract.mexc.com/api/v1/contract/kline/BTC_USDT?interval=Min15&limit=100 "HTTP/1.1 200 OK"
2026-04-19 18:32:57,783 [INFO] HTTP Request: GET https://contract.mexc.com/api/v1/contract/kline/DOGE_USDT?interval=Min15&limit=100 "HTTP/1.1 200 OK"
2026-04-19 18:32:57,787 [INFO] HTTP Request: GET https://contract.mexc.com/api/v1/contract/kline/ADA_USDT?interval=Min15&limit=100 "HTTP/1.1 200 OK"
2026-04-19 18:32:57,791 [INFO] HTTP Request: GET https://contract.mexc.com/api/v1/contract/kline/AVAX_USDT?interval=Min15&limit=100 "HTTP/1.1 200 OK"
2026-04-19 18:32:57,794 [INFO] HTTP Request: GET https://contract.mexc.com/api/v1/contract/kline/BNB_USDT?interval=Min15&limit=100 "HTTP/1.1 200 OK"
2026-04-19 18:32:57,798 [INFO] HTTP Request: GET https://contract.mexc.com/api/v1/contract/kline/SOL_USDT?interval=Min15&limit=100 "HTTP/1.1 200 OK"
2026-04-19 18:32:57,801 [INFO] HTTP Request: GET https://contract.mexc.com/api/v1/contract/kline/XRP_USDT?interval=Min15&limit=100 "HTTP/1.1 200 OK"
2026-04-19 18:32:57,803 [INFO] Telegram Message Triggered: <b>🚀 İŞLEME GİRİLDİ: ETH_USDT</b>
━━━━━━━━━━━━━━━━━━━━━
📍 Giriş Fiyatı: <code>2295</code>
↕️ Yön: <b...
2026-04-19 18:32:57,803 [INFO] Telegram credentials missing, skipping actual send
2026-04-19 18:32:57,832 [INFO] Telegram Message Triggered: <b>🚀 İŞLEME GİRİLDİ: BNB_USDT</b>
━━━━━━━━━━━━━━━━━━━━━
📍 Giriş Fiyatı: <code>621.9</code>
↕️ Yön: <...
2026-04-19 18:32:57,832 [INFO] Telegram credentials missing, skipping actual send
2026-04-19 18:32:57,836 [INFO] Telegram Message Triggered: <b>🚀 İŞLEME GİRİLDİ: BTC_USDT</b>
━━━━━━━━━━━━━━━━━━━━━
📍 Giriş Fiyatı: <code>74739.5</code>
↕️ Yön:...
2026-04-19 18:32:57,836 [INFO] Telegram credentials missing, skipping actual send
2026-04-19 18:32:58,541 [INFO] HTTP Request: GET https://contract.mexc.com/api/v1/contract/ticker?symbol=LINK_USDT "HTTP/1.1 200 OK"
2026-04-19 18:32:58,545 [INFO] HTTP Request: GET https://contract.mexc.com/api/v1/contract/ticker?symbol=UNI_USDT "HTTP/1.1 200 OK"
2026-04-19 18:32:58,548 [INFO] HTTP Request: GET https://contract.mexc.com/api/v1/contract/ticker?symbol=LTC_USDT "HTTP/1.1 200 OK"
2026-04-19 18:32:58,552 [INFO] HTTP Request: GET https://contract.mexc.com/api/v1/contract/ticker?symbol=BCH_USDT "HTTP/1.1 200 OK"
2026-04-19 18:32:58,553 [INFO] HTTP Request: GET https://contract.mexc.com/api/v1/contract/ticker?symbol=ETC_USDT "HTTP/1.1 200 OK"
2026-04-19 18:32:58,558 [INFO] HTTP Request: GET https://contract.mexc.com/api/v1/contract/ticker?symbol=ARB_USDT "HTTP/1.1 200 OK"
2026-04-19 18:32:58,560 [INFO] HTTP Request: GET https://contract.mexc.com/api/v1/contract/ticker?symbol=ATOM_USDT "HTTP/1.1 200 OK"
2026-04-19 18:32:58,561 [INFO] HTTP Request: GET https://contract.mexc.com/api/v1/contract/ticker?symbol=FIL_USDT "HTTP/1.1 200 OK"
2026-04-19 18:32:58,568 [INFO] HTTP Request: GET https://contract.mexc.com/api/v1/contract/ticker?symbol=APT_USDT "HTTP/1.1 200 OK"
2026-04-19 18:32:58,569 [INFO] HTTP Request: GET https://contract.mexc.com/api/v1/contract/ticker?symbol=OP_USDT "HTTP/1.1 200 OK"
2026-04-19 18:32:58,738 [INFO] HTTP Request: GET https://contract.mexc.com/api/v1/contract/kline/LINK_USDT?interval=Min15&limit=100 "HTTP/1.1 200 OK"
2026-04-19 18:32:58,755 [INFO] HTTP Request: GET https://contract.mexc.com/api/v1/contract/kline/UNI_USDT?interval=Min15&limit=100 "HTTP/1.1 200 OK"
2026-04-19 18:32:58,767 [INFO] HTTP Request: GET https://contract.mexc.com/api/v1/contract/kline/BCH_USDT?interval=Min15&limit=100 "HTTP/1.1 200 OK"
2026-04-19 18:32:58,773 [INFO] HTTP Request: GET https://contract.mexc.com/api/v1/contract/kline/LTC_USDT?interval=Min15&limit=100 "HTTP/1.1 200 OK"
2026-04-19 18:32:58,778 [INFO] HTTP Request: GET https://contract.mexc.com/api/v1/contract/kline/ETC_USDT?interval=Min15&limit=100 "HTTP/1.1 200 OK"
2026-04-19 18:32:58,781 [INFO] HTTP Request: GET https://contract.mexc.com/api/v1/contract/kline/APT_USDT?interval=Min15&limit=100 "HTTP/1.1 200 OK"
2026-04-19 18:32:58,790 [INFO] HTTP Request: GET https://contract.mexc.com/api/v1/contract/kline/ATOM_USDT?interval=Min15&limit=100 "HTTP/1.1 200 OK"
2026-04-19 18:32:58,792 [INFO] HTTP Request: GET https://contract.mexc.com/api/v1/contract/kline/OP_USDT?interval=Min15&limit=100 "HTTP/1.1 200 OK"
2026-04-19 18:32:58,801 [INFO] HTTP Request: GET https://contract.mexc.com/api/v1/contract/kline/FIL_USDT?interval=Min15&limit=100 "HTTP/1.1 200 OK"
2026-04-19 18:32:58,802 [INFO] HTTP Request: GET https://contract.mexc.com/api/v1/contract/kline/ARB_USDT?interval=Min15&limit=100 "HTTP/1.1 200 OK"
2026-04-19 18:32:59,512 [INFO] HTTP Request: GET https://contract.mexc.com/api/v1/contract/ticker?symbol=SUI_USDT "HTTP/1.1 200 OK"
2026-04-19 18:32:59,517 [INFO] HTTP Request: GET https://contract.mexc.com/api/v1/contract/ticker?symbol=INJ_USDT "HTTP/1.1 200 OK"
2026-04-19 18:32:59,518 [INFO] HTTP Request: GET https://contract.mexc.com/api/v1/contract/ticker?symbol=SEI_USDT "HTTP/1.1 200 OK"
2026-04-19 18:32:59,524 [INFO] HTTP Request: GET https://contract.mexc.com/api/v1/contract/ticker?symbol=JUP_USDT "HTTP/1.1 200 OK"
2026-04-19 18:32:59,527 [INFO] HTTP Request: GET https://contract.mexc.com/api/v1/contract/ticker?symbol=PEPE_USDT "HTTP/1.1 200 OK"
2026-04-19 18:32:59,533 [INFO] HTTP Request: GET https://contract.mexc.com/api/v1/contract/ticker?symbol=FLOKI_USDT "HTTP/1.1 200 OK"
2026-04-19 18:32:59,535 [INFO] HTTP Request: GET https://contract.mexc.com/api/v1/contract/ticker?symbol=WIF_USDT "HTTP/1.1 200 OK"
2026-04-19 18:32:59,540 [INFO] HTTP Request: GET https://contract.mexc.com/api/v1/contract/ticker?symbol=TIA_USDT "HTTP/1.1 200 OK"
2026-04-19 18:32:59,542 [INFO] HTTP Request: GET https://contract.mexc.com/api/v1/contract/ticker?symbol=BONK_USDT "HTTP/1.1 200 OK"
2026-04-19 18:32:59,544 [INFO] HTTP Request: GET https://contract.mexc.com/api/v1/contract/ticker?symbol=SHIB_USDT "HTTP/1.1 200 OK"
2026-04-19 18:32:59,706 [INFO] HTTP Request: GET https://contract.mexc.com/api/v1/contract/kline/SUI_USDT?interval=Min15&limit=100 "HTTP/1.1 200 OK"
2026-04-19 18:32:59,712 [INFO] HTTP Request: GET https://contract.mexc.com/api/v1/contract/kline/SEI_USDT?interval=Min15&limit=100 "HTTP/1.1 200 OK"
2026-04-19 18:32:59,722 [INFO] HTTP Request: GET https://contract.mexc.com/api/v1/contract/kline/INJ_USDT?interval=Min15&limit=100 "HTTP/1.1 200 OK"
2026-04-19 18:32:59,737 [INFO] HTTP Request: GET https://contract.mexc.com/api/v1/contract/kline/PEPE_USDT?interval=Min15&limit=100 "HTTP/1.1 200 OK"
2026-04-19 18:32:59,738 [INFO] HTTP Request: GET https://contract.mexc.com/api/v1/contract/kline/FLOKI_USDT?interval=Min15&limit=100 "HTTP/1.1 200 OK"
2026-04-19 18:32:59,746 [INFO] HTTP Request: GET https://contract.mexc.com/api/v1/contract/kline/JUP_USDT?interval=Min15&limit=100 "HTTP/1.1 200 OK"
2026-04-19 18:32:59,759 [INFO] HTTP Request: GET https://contract.mexc.com/api/v1/contract/kline/BONK_USDT?interval=Min15&limit=100 "HTTP/1.1 200 OK"
2026-04-19 18:32:59,760 [INFO] HTTP Request: GET https://contract.mexc.com/api/v1/contract/kline/WIF_USDT?interval=Min15&limit=100 "HTTP/1.1 200 OK"
2026-04-19 18:32:59,768 [INFO] HTTP Request: GET https://contract.mexc.com/api/v1/contract/kline/TIA_USDT?interval=Min15&limit=100 "HTTP/1.1 200 OK"
2026-04-19 18:32:59,770 [INFO] HTTP Request: GET https://contract.mexc.com/api/v1/contract/kline/SHIB_USDT?interval=Min15&limit=100 "HTTP/1.1 200 OK"
INFO:     127.0.0.1:54110 - "GET / HTTP/1.1" 200 OK
2026-04-19 18:33:00,481 [INFO] HTTP Request: GET https://contract.mexc.com/api/v1/contract/ticker?symbol=NEAR_USDT "HTTP/1.1 200 OK"
2026-04-19 18:33:00,485 [INFO] HTTP Request: GET https://contract.mexc.com/api/v1/contract/ticker?symbol=FTM_USDT "HTTP/1.1 200 OK"
2026-04-19 18:33:00,489 [INFO] HTTP Request: GET https://contract.mexc.com/api/v1/contract/ticker?symbol=AAVE_USDT "HTTP/1.1 200 OK"
2026-04-19 18:33:00,492 [INFO] HTTP Request: GET https://contract.mexc.com/api/v1/contract/ticker?symbol=MKR_USDT "HTTP/1.1 200 OK"
2026-04-19 18:33:00,500 [INFO] HTTP Request: GET https://contract.mexc.com/api/v1/contract/ticker?symbol=SNX_USDT "HTTP/1.1 200 OK"
2026-04-19 18:33:00,503 [INFO] HTTP Request: GET https://contract.mexc.com/api/v1/contract/ticker?symbol=COMP_USDT "HTTP/1.1 200 OK"
2026-04-19 18:33:00,508 [INFO] HTTP Request: GET https://contract.mexc.com/api/v1/contract/ticker?symbol=YFI_USDT "HTTP/1.1 200 OK"
2026-04-19 18:33:00,510 [INFO] HTTP Request: GET https://contract.mexc.com/api/v1/contract/ticker?symbol=SUSHI_USDT "HTTP/1.1 200 OK"
2026-04-19 18:33:00,514 [INFO] HTTP Request: GET https://contract.mexc.com/api/v1/contract/ticker?symbol=CRV_USDT "HTTP/1.1 200 OK"
2026-04-19 18:33:00,520 [INFO] HTTP Request: GET https://contract.mexc.com/api/v1/contract/ticker?symbol=1INCH_USDT "HTTP/1.1 200 OK"
INFO:     127.0.0.1:54110 - "GET /api/stats HTTP/1.1" 200 OK
INFO:     ('127.0.0.1', 54124) - "WebSocket /ws" [accepted]
2026-04-19 18:33:00,537 [INFO] WebSocket bağlandı — toplam: 1
INFO:     connection open
INFO:     127.0.0.1:54110 - "GET /api/model HTTP/1.1" 200 OK
2026-04-19 18:33:00,679 [INFO] HTTP Request: GET https://contract.mexc.com/api/v1/contract/kline/NEAR_USDT?interval=Min15&limit=100 "HTTP/1.1 200 OK"
2026-04-19 18:33:00,685 [INFO] HTTP Request: GET https://contract.mexc.com/api/v1/contract/kline/FTM_USDT?interval=Min15&limit=100 "HTTP/1.1 200 OK"
2026-04-19 18:33:00,694 [INFO] HTTP Request: GET https://contract.mexc.com/api/v1/contract/kline/AAVE_USDT?interval=Min15&limit=100 "HTTP/1.1 200 OK"
2026-04-19 18:33:00,707 [INFO] HTTP Request: GET https://contract.mexc.com/api/v1/contract/kline/MKR_USDT?interval=Min15&limit=100 "HTTP/1.1 200 OK"
2026-04-19 18:33:00,710 [INFO] HTTP Request: GET https://contract.mexc.com/api/v1/contract/kline/COMP_USDT?interval=Min15&limit=100 "HTTP/1.1 200 OK"
2026-04-19 18:33:00,715 [INFO] HTTP Request: GET https://contract.mexc.com/api/v1/contract/kline/SNX_USDT?interval=Min15&limit=100 "HTTP/1.1 200 OK"
2026-04-19 18:33:00,738 [INFO] HTTP Request: GET https://contract.mexc.com/api/v1/contract/kline/SUSHI_USDT?interval=Min15&limit=100 "HTTP/1.1 200 OK"
2026-04-19 18:33:00,740 [INFO] HTTP Request: GET https://contract.mexc.com/api/v1/contract/kline/CRV_USDT?interval=Min15&limit=100 "HTTP/1.1 200 OK"
2026-04-19 18:33:00,742 [INFO] HTTP Request: GET https://contract.mexc.com/api/v1/contract/kline/YFI_USDT?interval=Min15&limit=100 "HTTP/1.1 200 OK"
2026-04-19 18:33:00,745 [INFO] HTTP Request: GET https://contract.mexc.com/api/v1/contract/kline/1INCH_USDT?interval=Min15&limit=100 "HTTP/1.1 200 OK"
2026-04-19 18:33:01,471 [INFO] HTTP Request: GET https://contract.mexc.com/api/v1/contract/ticker?symbol=ICP_USDT "HTTP/1.1 200 OK"
2026-04-19 18:33:01,474 [INFO] HTTP Request: GET https://contract.mexc.com/api/v1/contract/ticker?symbol=HBAR_USDT "HTTP/1.1 200 OK"
2026-04-19 18:33:01,477 [INFO] HTTP Request: GET https://contract.mexc.com/api/v1/contract/ticker?symbol=VET_USDT "HTTP/1.1 200 OK"
2026-04-19 18:33:01,479 [INFO] HTTP Request: GET https://contract.mexc.com/api/v1/contract/ticker?symbol=SAND_USDT "HTTP/1.1 200 OK"
2026-04-19 18:33:01,483 [INFO] HTTP Request: GET https://contract.mexc.com/api/v1/contract/ticker?symbol=XLM_USDT "HTTP/1.1 200 OK"
2026-04-19 18:33:01,487 [INFO] HTTP Request: GET https://contract.mexc.com/api/v1/contract/ticker?symbol=GALA_USDT "HTTP/1.1 200 OK"
2026-04-19 18:33:01,490 [INFO] HTTP Request: GET https://contract.mexc.com/api/v1/contract/ticker?symbol=MANA_USDT "HTTP/1.1 200 OK"
2026-04-19 18:33:01,492 [INFO] HTTP Request: GET https://contract.mexc.com/api/v1/contract/ticker?symbol=ALGO_USDT "HTTP/1.1 200 OK"
2026-04-19 18:33:01,493 [INFO] HTTP Request: GET https://contract.mexc.com/api/v1/contract/ticker?symbol=AXS_USDT "HTTP/1.1 200 OK"
2026-04-19 18:33:01,501 [INFO] HTTP Request: GET https://contract.mexc.com/api/v1/contract/ticker?symbol=IMX_USDT "HTTP/1.1 200 OK"
2026-04-19 18:33:01,676 [INFO] HTTP Request: GET https://contract.mexc.com/api/v1/contract/kline/ICP_USDT?interval=Min15&limit=100 "HTTP/1.1 200 OK"
2026-04-19 18:33:01,685 [INFO] HTTP Request: GET https://contract.mexc.com/api/v1/contract/kline/VET_USDT?interval=Min15&limit=100 "HTTP/1.1 200 OK"
2026-04-19 18:33:01,700 [INFO] HTTP Request: GET https://contract.mexc.com/api/v1/contract/kline/MANA_USDT?interval=Min15&limit=100 "HTTP/1.1 200 OK"
2026-04-19 18:33:01,707 [INFO] HTTP Request: GET https://contract.mexc.com/api/v1/contract/kline/IMX_USDT?interval=Min15&limit=100 "HTTP/1.1 200 OK"
2026-04-19 18:33:01,709 [INFO] HTTP Request: GET https://contract.mexc.com/api/v1/contract/kline/HBAR_USDT?interval=Min15&limit=100 "HTTP/1.1 200 OK"
2026-04-19 18:33:01,729 [INFO] HTTP Request: GET https://contract.mexc.com/api/v1/contract/kline/SAND_USDT?interval=Min15&limit=100 "HTTP/1.1 200 OK"
2026-04-19 18:33:01,733 [INFO] HTTP Request: GET https://contract.mexc.com/api/v1/contract/kline/ALGO_USDT?interval=Min15&limit=100 "HTTP/1.1 200 OK"
2026-04-19 18:33:01,747 [INFO] HTTP Request: GET https://contract.mexc.com/api/v1/contract/kline/AXS_USDT?interval=Min15&limit=100 "HTTP/1.1 200 OK"
2026-04-19 18:33:01,749 [INFO] HTTP Request: GET https://contract.mexc.com/api/v1/contract/kline/GALA_USDT?interval=Min15&limit=100 "HTTP/1.1 200 OK"
2026-04-19 18:33:01,757 [INFO] HTTP Request: GET https://contract.mexc.com/api/v1/contract/kline/XLM_USDT?interval=Min15&limit=100 "HTTP/1.1 200 OK"
2026-04-19 18:33:02,456 [INFO] HTTP Request: GET https://contract.mexc.com/api/v1/contract/ticker?symbol=LDO_USDT "HTTP/1.1 200 OK"
2026-04-19 18:33:02,457 [INFO] HTTP Request: GET https://contract.mexc.com/api/v1/contract/ticker?symbol=RPL_USDT "HTTP/1.1 200 OK"
2026-04-19 18:33:02,460 [INFO] HTTP Request: GET https://contract.mexc.com/api/v1/contract/ticker?symbol=MAGIC_USDT "HTTP/1.1 200 OK"
2026-04-19 18:33:02,464 [INFO] HTTP Request: GET https://contract.mexc.com/api/v1/contract/ticker?symbol=DYDX_USDT "HTTP/1.1 200 OK"
2026-04-19 18:33:02,467 [INFO] HTTP Request: GET https://contract.mexc.com/api/v1/contract/ticker?symbol=APE_USDT "HTTP/1.1 200 OK"
2026-04-19 18:33:02,469 [INFO] HTTP Request: GET https://contract.mexc.com/api/v1/contract/ticker?symbol=CELR_USDT "HTTP/1.1 200 OK"
2026-04-19 18:33:02,471 [INFO] HTTP Request: GET https://contract.mexc.com/api/v1/contract/ticker?symbol=ROSE_USDT "HTTP/1.1 200 OK"
2026-04-19 18:33:02,472 [INFO] HTTP Request: GET https://contract.mexc.com/api/v1/contract/ticker?symbol=GMX_USDT "HTTP/1.1 200 OK"
2026-04-19 18:33:02,474 [INFO] HTTP Request: GET https://contract.mexc.com/api/v1/contract/ticker?symbol=BLUR_USDT "HTTP/1.1 200 OK"
2026-04-19 18:33:02,493 [INFO] HTTP Request: GET https://contract.mexc.com/api/v1/contract/ticker?symbol=GMT_USDT "HTTP/1.1 200 OK"
2026-04-19 18:33:02,648 [INFO] HTTP Request: GET https://contract.mexc.com/api/v1/contract/kline/RPL_USDT?interval=Min15&limit=100 "HTTP/1.1 200 OK"
2026-04-19 18:33:02,649 [INFO] HTTP Request: GET https://contract.mexc.com/api/v1/contract/kline/DYDX_USDT?interval=Min15&limit=100 "HTTP/1.1 200 OK"
2026-04-19 18:33:02,654 [INFO] HTTP Request: GET https://contract.mexc.com/api/v1/contract/kline/LDO_USDT?interval=Min15&limit=100 "HTTP/1.1 200 OK"
2026-04-19 18:33:02,658 [INFO] HTTP Request: GET https://contract.mexc.com/api/v1/contract/kline/MAGIC_USDT?interval=Min15&limit=100 "HTTP/1.1 200 OK"
2026-04-19 18:33:02,661 [INFO] HTTP Request: GET https://contract.mexc.com/api/v1/contract/kline/APE_USDT?interval=Min15&limit=100 "HTTP/1.1 200 OK"
2026-04-19 18:33:02,664 [INFO] HTTP Request: GET https://contract.mexc.com/api/v1/contract/kline/BLUR_USDT?interval=Min15&limit=100 "HTTP/1.1 200 OK"
2026-04-19 18:33:02,667 [INFO] HTTP Request: GET https://contract.mexc.com/api/v1/contract/kline/ROSE_USDT?interval=Min15&limit=100 "HTTP/1.1 200 OK"
2026-04-19 18:33:02,668 [INFO] HTTP Request: GET https://contract.mexc.com/api/v1/contract/kline/GMX_USDT?interval=Min15&limit=100 "HTTP/1.1 200 OK"
2026-04-19 18:33:02,683 [INFO] HTTP Request: GET https://contract.mexc.com/api/v1/contract/kline/GMT_USDT?interval=Min15&limit=100 "HTTP/1.1 200 OK"
2026-04-19 18:33:02,688 [INFO] HTTP Request: GET https://contract.mexc.com/api/v1/contract/kline/CELR_USDT?interval=Min15&limit=100 "HTTP/1.1 200 OK"
2026-04-19 18:33:03,190 [INFO] Tarama tamamlandı — 60 pair işlendi
2026-04-19 18:33:11,248 [INFO] WebSocket ayrıldı — kalan: 0
INFO:     connection closed
2026-04-19 18:33:33,515 [INFO] HTTP Request: GET https://contract.mexc.com/api/v1/contract/ticker?symbol=SOL_USDT "HTTP/1.1 200 OK"
2026-04-19 18:33:33,517 [INFO] HTTP Request: GET https://contract.mexc.com/api/v1/contract/ticker?symbol=ADA_USDT "HTTP/1.1 200 OK"
2026-04-19 18:33:33,518 [INFO] HTTP Request: GET https://contract.mexc.com/api/v1/contract/ticker?symbol=XRP_USDT "HTTP/1.1 200 OK"
2026-04-19 18:33:33,519 [INFO] HTTP Request: GET https://contract.mexc.com/api/v1/contract/ticker?symbol=AVAX_USDT "HTTP/1.1 200 OK"
2026-04-19 18:33:33,522 [INFO] HTTP Request: GET https://contract.mexc.com/api/v1/contract/ticker?symbol=DOGE_USDT "HTTP/1.1 200 OK"
2026-04-19 18:33:33,525 [INFO] HTTP Request: GET https://contract.mexc.com/api/v1/contract/ticker?symbol=DOT_USDT "HTTP/1.1 200 OK"
2026-04-19 18:33:33,526 [INFO] HTTP Request: GET https://contract.mexc.com/api/v1/contract/ticker?symbol=MATIC_USDT "HTTP/1.1 200 OK"
2026-04-19 18:33:33,527 [INFO] HTTP Request: GET https://contract.mexc.com/api/v1/contract/ticker?symbol=BNB_USDT "HTTP/1.1 200 OK"
2026-04-19 18:33:33,530 [INFO] HTTP Request: GET https://contract.mexc.com/api/v1/contract/ticker?symbol=ETH_USDT "HTTP/1.1 200 OK"
2026-04-19 18:33:33,533 [INFO] HTTP Request: GET https://contract.mexc.com/api/v1/contract/ticker?symbol=BTC_USDT "HTTP/1.1 200 OK"
2026-04-19 18:33:33,717 [INFO] HTTP Request: GET https://contract.mexc.com/api/v1/contract/kline/XRP_USDT?interval=Min15&limit=100 "HTTP/1.1 200 OK"
2026-04-19 18:33:33,727 [INFO] HTTP Request: GET https://contract.mexc.com/api/v1/contract/kline/DOT_USDT?interval=Min15&limit=100 "HTTP/1.1 200 OK"
2026-04-19 18:33:33,730 [INFO] HTTP Request: GET https://contract.mexc.com/api/v1/contract/kline/BNB_USDT?interval=Min15&limit=100 "HTTP/1.1 200 OK"
2026-04-19 18:33:33,732 [INFO] Telegram Message Triggered: <b>✅ İŞLEM KAPATILDI: BNB_USDT</b> (⚠️ RİSK YÖNETİMİ (WAIT))
━━━━━━━━━━━━━━━━━━━━━
📥 Giriş Fiyatı: <...
2026-04-19 18:33:33,733 [INFO] Telegram credentials missing, skipping actual send
2026-04-19 18:33:33,733 [INFO] HTTP Request: GET https://contract.mexc.com/api/v1/contract/kline/ADA_USDT?interval=Min15&limit=100 "HTTP/1.1 200 OK"
2026-04-19 18:33:33,734 [INFO] HTTP Request: GET https://contract.mexc.com/api/v1/contract/kline/ETH_USDT?interval=Min15&limit=100 "HTTP/1.1 200 OK"
2026-04-19 18:33:33,739 [INFO] HTTP Request: GET https://contract.mexc.com/api/v1/contract/kline/SOL_USDT?interval=Min15&limit=100 "HTTP/1.1 200 OK"
2026-04-19 18:33:33,740 [INFO] HTTP Request: GET https://contract.mexc.com/api/v1/contract/kline/DOGE_USDT?interval=Min15&limit=100 "HTTP/1.1 200 OK"
2026-04-19 18:33:33,740 [INFO] HTTP Request: GET https://contract.mexc.com/api/v1/contract/kline/MATIC_USDT?interval=Min15&limit=100 "HTTP/1.1 200 OK"
2026-04-19 18:33:33,746 [INFO] HTTP Request: GET https://contract.mexc.com/api/v1/contract/kline/AVAX_USDT?interval=Min15&limit=100 "HTTP/1.1 200 OK"
2026-04-19 18:33:33,750 [INFO] HTTP Request: GET https://contract.mexc.com/api/v1/contract/kline/BTC_USDT?interval=Min15&limit=100 "HTTP/1.1 200 OK"
2026-04-19 18:33:34,448 [INFO] HTTP Request: GET https://contract.mexc.com/api/v1/contract/ticker?symbol=LINK_USDT "HTTP/1.1 200 OK"
2026-04-19 18:33:34,450 [INFO] HTTP Request: GET https://contract.mexc.com/api/v1/contract/ticker?symbol=LTC_USDT "HTTP/1.1 200 OK"
2026-04-19 18:33:34,454 [INFO] HTTP Request: GET https://contract.mexc.com/api/v1/contract/ticker?symbol=UNI_USDT "HTTP/1.1 200 OK"
2026-04-19 18:33:34,455 [INFO] HTTP Request: GET https://contract.mexc.com/api/v1/contract/ticker?symbol=BCH_USDT "HTTP/1.1 200 OK"
2026-04-19 18:33:34,456 [INFO] HTTP Request: GET https://contract.mexc.com/api/v1/contract/ticker?symbol=ETC_USDT "HTTP/1.1 200 OK"
2026-04-19 18:33:34,460 [INFO] HTTP Request: GET https://contract.mexc.com/api/v1/contract/ticker?symbol=ARB_USDT "HTTP/1.1 200 OK"
2026-04-19 18:33:34,461 [INFO] HTTP Request: GET https://contract.mexc.com/api/v1/contract/ticker?symbol=ATOM_USDT "HTTP/1.1 200 OK"
2026-04-19 18:33:34,465 [INFO] HTTP Request: GET https://contract.mexc.com/api/v1/contract/ticker?symbol=APT_USDT "HTTP/1.1 200 OK"
2026-04-19 18:33:34,466 [INFO] HTTP Request: GET https://contract.mexc.com/api/v1/contract/ticker?symbol=FIL_USDT "HTTP/1.1 200 OK"
2026-04-19 18:33:34,469 [INFO] HTTP Request: GET https://contract.mexc.com/api/v1/contract/ticker?symbol=OP_USDT "HTTP/1.1 200 OK"
2026-04-19 18:33:34,661 [INFO] HTTP Request: GET https://contract.mexc.com/api/v1/contract/kline/UNI_USDT?interval=Min15&limit=100 "HTTP/1.1 200 OK"
2026-04-19 18:33:34,665 [INFO] HTTP Request: GET https://contract.mexc.com/api/v1/contract/kline/APT_USDT?interval=Min15&limit=100 "HTTP/1.1 200 OK"
2026-04-19 18:33:34,666 [INFO] HTTP Request: GET https://contract.mexc.com/api/v1/contract/kline/ETC_USDT?interval=Min15&limit=100 "HTTP/1.1 200 OK"
2026-04-19 18:33:34,672 [INFO] HTTP Request: GET https://contract.mexc.com/api/v1/contract/kline/ATOM_USDT?interval=Min15&limit=100 "HTTP/1.1 200 OK"
2026-04-19 18:33:34,673 [INFO] HTTP Request: GET https://contract.mexc.com/api/v1/contract/kline/FIL_USDT?interval=Min15&limit=100 "HTTP/1.1 200 OK"
2026-04-19 18:33:34,677 [INFO] HTTP Request: GET https://contract.mexc.com/api/v1/contract/kline/OP_USDT?interval=Min15&limit=100 "HTTP/1.1 200 OK"
2026-04-19 18:33:34,678 [INFO] HTTP Request: GET https://contract.mexc.com/api/v1/contract/kline/LTC_USDT?interval=Min15&limit=100 "HTTP/1.1 200 OK"
2026-04-19 18:33:34,678 [INFO] HTTP Request: GET https://contract.mexc.com/api/v1/contract/kline/BCH_USDT?interval=Min15&limit=100 "HTTP/1.1 200 OK"
2026-04-19 18:33:34,679 [INFO] HTTP Request: GET https://contract.mexc.com/api/v1/contract/kline/LINK_USDT?interval=Min15&limit=100 "HTTP/1.1 200 OK"
2026-04-19 18:33:34,973 [INFO] HTTP Request: GET https://contract.mexc.com/api/v1/contract/kline/ARB_USDT?interval=Min15&limit=100 "HTTP/1.1 200 OK"
2026-04-19 18:33:35,672 [INFO] HTTP Request: GET https://contract.mexc.com/api/v1/contract/ticker?symbol=SUI_USDT "HTTP/1.1 200 OK"
2026-04-19 18:33:35,676 [INFO] HTTP Request: GET https://contract.mexc.com/api/v1/contract/ticker?symbol=SEI_USDT "HTTP/1.1 200 OK"
2026-04-19 18:33:35,681 [INFO] HTTP Request: GET https://contract.mexc.com/api/v1/contract/ticker?symbol=INJ_USDT "HTTP/1.1 200 OK"
2026-04-19 18:33:35,683 [INFO] HTTP Request: GET https://contract.mexc.com/api/v1/contract/ticker?symbol=PEPE_USDT "HTTP/1.1 200 OK"
2026-04-19 18:33:35,684 [INFO] HTTP Request: GET https://contract.mexc.com/api/v1/contract/ticker?symbol=FLOKI_USDT "HTTP/1.1 200 OK"
2026-04-19 18:33:35,689 [INFO] HTTP Request: GET https://contract.mexc.com/api/v1/contract/ticker?symbol=WIF_USDT "HTTP/1.1 200 OK"
2026-04-19 18:33:35,691 [INFO] HTTP Request: GET https://contract.mexc.com/api/v1/contract/ticker?symbol=JUP_USDT "HTTP/1.1 200 OK"
2026-04-19 18:33:35,692 [INFO] HTTP Request: GET https://contract.mexc.com/api/v1/contract/ticker?symbol=TIA_USDT "HTTP/1.1 200 OK"
2026-04-19 18:33:35,693 [INFO] HTTP Request: GET https://contract.mexc.com/api/v1/contract/ticker?symbol=SHIB_USDT "HTTP/1.1 200 OK"
2026-04-19 18:33:35,701 [INFO] HTTP Request: GET https://contract.mexc.com/api/v1/contract/ticker?symbol=BONK_USDT "HTTP/1.1 200 OK"
2026-04-19 18:33:35,877 [INFO] HTTP Request: GET https://contract.mexc.com/api/v1/contract/kline/SUI_USDT?interval=Min15&limit=100 "HTTP/1.1 200 OK"
2026-04-19 18:33:35,889 [INFO] HTTP Request: GET https://contract.mexc.com/api/v1/contract/kline/SEI_USDT?interval=Min15&limit=100 "HTTP/1.1 200 OK"
2026-04-19 18:33:35,895 [INFO] HTTP Request: GET https://contract.mexc.com/api/v1/contract/kline/BONK_USDT?interval=Min15&limit=100 "HTTP/1.1 200 OK"
2026-04-19 18:33:35,901 [INFO] HTTP Request: GET https://contract.mexc.com/api/v1/contract/kline/JUP_USDT?interval=Min15&limit=100 "HTTP/1.1 200 OK"
2026-04-19 18:33:35,902 [INFO] HTTP Request: GET https://contract.mexc.com/api/v1/contract/kline/FLOKI_USDT?interval=Min15&limit=100 "HTTP/1.1 200 OK"
2026-04-19 18:33:35,904 [INFO] HTTP Request: GET https://contract.mexc.com/api/v1/contract/kline/WIF_USDT?interval=Min15&limit=100 "HTTP/1.1 200 OK"
2026-04-19 18:33:35,914 [INFO] HTTP Request: GET https://contract.mexc.com/api/v1/contract/kline/SHIB_USDT?interval=Min15&limit=100 "HTTP/1.1 200 OK"
2026-04-19 18:33:35,918 [INFO] HTTP Request: GET https://contract.mexc.com/api/v1/contract/kline/TIA_USDT?interval=Min15&limit=100 "HTTP/1.1 200 OK"
2026-04-19 18:33:35,969 [INFO] HTTP Request: GET https://contract.mexc.com/api/v1/contract/kline/INJ_USDT?interval=Min15&limit=100 "HTTP/1.1 200 OK"
2026-04-19 18:33:35,990 [INFO] HTTP Request: GET https://contract.mexc.com/api/v1/contract/kline/PEPE_USDT?interval=Min15&limit=100 "HTTP/1.1 200 OK"
2026-04-19 18:33:36,694 [INFO] HTTP Request: GET https://contract.mexc.com/api/v1/contract/ticker?symbol=AAVE_USDT "HTTP/1.1 200 OK"
2026-04-19 18:33:36,697 [INFO] HTTP Request: GET https://contract.mexc.com/api/v1/contract/ticker?symbol=MKR_USDT "HTTP/1.1 200 OK"
2026-04-19 18:33:36,699 [INFO] HTTP Request: GET https://contract.mexc.com/api/v1/contract/ticker?symbol=SNX_USDT "HTTP/1.1 200 OK"
2026-04-19 18:33:36,700 [INFO] HTTP Request: GET https://contract.mexc.com/api/v1/contract/ticker?symbol=FTM_USDT "HTTP/1.1 200 OK"
2026-04-19 18:33:36,704 [INFO] HTTP Request: GET https://contract.mexc.com/api/v1/contract/ticker?symbol=COMP_USDT "HTTP/1.1 200 OK"
2026-04-19 18:33:36,705 [INFO] HTTP Request: GET https://contract.mexc.com/api/v1/contract/ticker?symbol=NEAR_USDT "HTTP/1.1 200 OK"
2026-04-19 18:33:36,706 [INFO] HTTP Request: GET https://contract.mexc.com/api/v1/contract/ticker?symbol=CRV_USDT "HTTP/1.1 200 OK"
2026-04-19 18:33:36,707 [INFO] HTTP Request: GET https://contract.mexc.com/api/v1/contract/ticker?symbol=SUSHI_USDT "HTTP/1.1 200 OK"
2026-04-19 18:33:36,711 [INFO] HTTP Request: GET https://contract.mexc.com/api/v1/contract/ticker?symbol=1INCH_USDT "HTTP/1.1 200 OK"
2026-04-19 18:33:36,711 [INFO] HTTP Request: GET https://contract.mexc.com/api/v1/contract/ticker?symbol=YFI_USDT "HTTP/1.1 200 OK"
2026-04-19 18:33:36,899 [INFO] HTTP Request: GET https://contract.mexc.com/api/v1/contract/kline/AAVE_USDT?interval=Min15&limit=100 "HTTP/1.1 200 OK"
2026-04-19 18:33:36,902 [INFO] Telegram Message Triggered: <b>🚀 İŞLEME GİRİLDİ: AAVE_USDT</b>
━━━━━━━━━━━━━━━━━━━━━
📍 Giriş Fiyatı: <code>89.38</code>
↕️ Yön: ...
2026-04-19 18:33:36,902 [INFO] Telegram credentials missing, skipping actual send
2026-04-19 18:33:36,905 [INFO] HTTP Request: GET https://contract.mexc.com/api/v1/contract/kline/COMP_USDT?interval=Min15&limit=100 "HTTP/1.1 200 OK"
2026-04-19 18:33:36,906 [INFO] HTTP Request: GET https://contract.mexc.com/api/v1/contract/kline/SNX_USDT?interval=Min15&limit=100 "HTTP/1.1 200 OK"
2026-04-19 18:33:36,907 [INFO] HTTP Request: GET https://contract.mexc.com/api/v1/contract/kline/FTM_USDT?interval=Min15&limit=100 "HTTP/1.1 200 OK"
2026-04-19 18:33:36,914 [INFO] HTTP Request: GET https://contract.mexc.com/api/v1/contract/kline/SUSHI_USDT?interval=Min15&limit=100 "HTTP/1.1 200 OK"
2026-04-19 18:33:36,918 [INFO] HTTP Request: GET https://contract.mexc.com/api/v1/contract/kline/1INCH_USDT?interval=Min15&limit=100 "HTTP/1.1 200 OK"
2026-04-19 18:33:36,919 [INFO] HTTP Request: GET https://contract.mexc.com/api/v1/contract/kline/YFI_USDT?interval=Min15&limit=100 "HTTP/1.1 200 OK"
2026-04-19 18:33:36,920 [INFO] HTTP Request: GET https://contract.mexc.com/api/v1/contract/kline/CRV_USDT?interval=Min15&limit=100 "HTTP/1.1 200 OK"
2026-04-19 18:33:36,927 [INFO] HTTP Request: GET https://contract.mexc.com/api/v1/contract/kline/NEAR_USDT?interval=Min15&limit=100 "HTTP/1.1 200 OK"
2026-04-19 18:33:36,932 [INFO] HTTP Request: GET https://contract.mexc.com/api/v1/contract/kline/MKR_USDT?interval=Min15&limit=100 "HTTP/1.1 200 OK"
2026-04-19 18:33:37,627 [INFO] HTTP Request: GET https://contract.mexc.com/api/v1/contract/ticker?symbol=ICP_USDT "HTTP/1.1 200 OK"
2026-04-19 18:33:37,631 [INFO] HTTP Request: GET https://contract.mexc.com/api/v1/contract/ticker?symbol=VET_USDT "HTTP/1.1 200 OK"
2026-04-19 18:33:37,633 [INFO] HTTP Request: GET https://contract.mexc.com/api/v1/contract/ticker?symbol=XLM_USDT "HTTP/1.1 200 OK"
2026-04-19 18:33:37,636 [INFO] HTTP Request: GET https://contract.mexc.com/api/v1/contract/ticker?symbol=SAND_USDT "HTTP/1.1 200 OK"
2026-04-19 18:33:37,639 [INFO] HTTP Request: GET https://contract.mexc.com/api/v1/contract/ticker?symbol=HBAR_USDT "HTTP/1.1 200 OK"
2026-04-19 18:33:37,640 [INFO] HTTP Request: GET https://contract.mexc.com/api/v1/contract/ticker?symbol=GALA_USDT "HTTP/1.1 200 OK"
2026-04-19 18:33:37,642 [INFO] HTTP Request: GET https://contract.mexc.com/api/v1/contract/ticker?symbol=MANA_USDT "HTTP/1.1 200 OK"
2026-04-19 18:33:37,643 [INFO] HTTP Request: GET https://contract.mexc.com/api/v1/contract/ticker?symbol=ALGO_USDT "HTTP/1.1 200 OK"
2026-04-19 18:33:37,646 [INFO] HTTP Request: GET https://contract.mexc.com/api/v1/contract/ticker?symbol=IMX_USDT "HTTP/1.1 200 OK"
2026-04-19 18:33:37,648 [INFO] HTTP Request: GET https://contract.mexc.com/api/v1/contract/ticker?symbol=AXS_USDT "HTTP/1.1 200 OK"
2026-04-19 18:33:37,825 [INFO] HTTP Request: GET https://contract.mexc.com/api/v1/contract/kline/VET_USDT?interval=Min15&limit=100 "HTTP/1.1 200 OK"
2026-04-19 18:33:37,834 [INFO] HTTP Request: GET https://contract.mexc.com/api/v1/contract/kline/SAND_USDT?interval=Min15&limit=100 "HTTP/1.1 200 OK"
2026-04-19 18:33:37,837 [INFO] HTTP Request: GET https://contract.mexc.com/api/v1/contract/kline/XLM_USDT?interval=Min15&limit=100 "HTTP/1.1 200 OK"
2026-04-19 18:33:37,838 [INFO] HTTP Request: GET https://contract.mexc.com/api/v1/contract/kline/IMX_USDT?interval=Min15&limit=100 "HTTP/1.1 200 OK"
2026-04-19 18:33:37,839 [INFO] HTTP Request: GET https://contract.mexc.com/api/v1/contract/kline/ICP_USDT?interval=Min15&limit=100 "HTTP/1.1 200 OK"
2026-04-19 18:33:37,845 [INFO] HTTP Request: GET https://contract.mexc.com/api/v1/contract/kline/GALA_USDT?interval=Min15&limit=100 "HTTP/1.1 200 OK"
2026-04-19 18:33:37,846 [INFO] HTTP Request: GET https://contract.mexc.com/api/v1/contract/kline/HBAR_USDT?interval=Min15&limit=100 "HTTP/1.1 200 OK"
2026-04-19 18:33:37,849 [INFO] HTTP Request: GET https://contract.mexc.com/api/v1/contract/kline/AXS_USDT?interval=Min15&limit=100 "HTTP/1.1 200 OK"
2026-04-19 18:33:37,861 [INFO] HTTP Request: GET https://contract.mexc.com/api/v1/contract/kline/ALGO_USDT?interval=Min15&limit=100 "HTTP/1.1 200 OK"
2026-04-19 18:33:37,872 [INFO] HTTP Request: GET https://contract.mexc.com/api/v1/contract/kline/MANA_USDT?interval=Min15&limit=100 "HTTP/1.1 200 OK"
2026-04-19 18:33:38,571 [INFO] HTTP Request: GET https://contract.mexc.com/api/v1/contract/ticker?symbol=LDO_USDT "HTTP/1.1 200 OK"
2026-04-19 18:33:38,575 [INFO] HTTP Request: GET https://contract.mexc.com/api/v1/contract/ticker?symbol=DYDX_USDT "HTTP/1.1 200 OK"
2026-04-19 18:33:38,578 [INFO] HTTP Request: GET https://contract.mexc.com/api/v1/contract/ticker?symbol=BLUR_USDT "HTTP/1.1 200 OK"
2026-04-19 18:33:38,584 [INFO] HTTP Request: GET https://contract.mexc.com/api/v1/contract/ticker?symbol=CELR_USDT "HTTP/1.1 200 OK"
2026-04-19 18:33:38,586 [INFO] HTTP Request: GET https://contract.mexc.com/api/v1/contract/ticker?symbol=RPL_USDT "HTTP/1.1 200 OK"
2026-04-19 18:33:38,587 [INFO] HTTP Request: GET https://contract.mexc.com/api/v1/contract/ticker?symbol=GMT_USDT "HTTP/1.1 200 OK"
2026-04-19 18:33:38,589 [INFO] HTTP Request: GET https://contract.mexc.com/api/v1/contract/ticker?symbol=GMX_USDT "HTTP/1.1 200 OK"
2026-04-19 18:33:38,590 [INFO] HTTP Request: GET https://contract.mexc.com/api/v1/contract/ticker?symbol=ROSE_USDT "HTTP/1.1 200 OK"
2026-04-19 18:33:38,599 [INFO] HTTP Request: GET https://contract.mexc.com/api/v1/contract/ticker?symbol=MAGIC_USDT "HTTP/1.1 200 OK"
2026-04-19 18:33:38,600 [INFO] HTTP Request: GET https://contract.mexc.com/api/v1/contract/ticker?symbol=APE_USDT "HTTP/1.1 200 OK"
2026-04-19 18:33:38,797 [INFO] HTTP Request: GET https://contract.mexc.com/api/v1/contract/kline/CELR_USDT?interval=Min15&limit=100 "HTTP/1.1 200 OK"
2026-04-19 18:33:38,805 [INFO] HTTP Request: GET https://contract.mexc.com/api/v1/contract/kline/RPL_USDT?interval=Min15&limit=100 "HTTP/1.1 200 OK"
2026-04-19 18:33:38,808 [INFO] HTTP Request: GET https://contract.mexc.com/api/v1/contract/kline/DYDX_USDT?interval=Min15&limit=100 "HTTP/1.1 200 OK"
2026-04-19 18:33:38,822 [INFO] HTTP Request: GET https://contract.mexc.com/api/v1/contract/kline/LDO_USDT?interval=Min15&limit=100 "HTTP/1.1 200 OK"
2026-04-19 18:33:38,825 [INFO] HTTP Request: GET https://contract.mexc.com/api/v1/contract/kline/ROSE_USDT?interval=Min15&limit=100 "HTTP/1.1 200 OK"
2026-04-19 18:33:38,827 [INFO] HTTP Request: GET https://contract.mexc.com/api/v1/contract/kline/APE_USDT?interval=Min15&limit=100 "HTTP/1.1 200 OK"
2026-04-19 18:33:38,830 [INFO] HTTP Request: GET https://contract.mexc.com/api/v1/contract/kline/MAGIC_USDT?interval=Min15&limit=100 "HTTP/1.1 200 OK"
2026-04-19 18:33:38,831 [INFO] HTTP Request: GET https://contract.mexc.com/api/v1/contract/kline/GMT_USDT?interval=Min15&limit=100 "HTTP/1.1 200 OK"
2026-04-19 18:33:38,852 [INFO] HTTP Request: GET https://contract.mexc.com/api/v1/contract/kline/BLUR_USDT?interval=Min15&limit=100 "HTTP/1.1 200 OK"
2026-04-19 18:33:38,853 [INFO] HTTP Request: GET https://contract.mexc.com/api/v1/contract/kline/GMX_USDT?interval=Min15&limit=100 "HTTP/1.1 200 OK"
2026-04-19 18:33:39,366 [INFO] Tarama tamamlandı — 60 pair işlendi
2026-04-19 18:34:09,694 [INFO] HTTP Request: GET https://contract.mexc.com/api/v1/contract/ticker?symbol=ETH_USDT "HTTP/1.1 200 OK"
2026-04-19 18:34:09,695 [INFO] HTTP Request: GET https://contract.mexc.com/api/v1/contract/ticker?symbol=SOL_USDT "HTTP/1.1 200 OK"
2026-04-19 18:34:09,697 [INFO] HTTP Request: GET https://contract.mexc.com/api/v1/contract/ticker?symbol=BNB_USDT "HTTP/1.1 200 OK"
2026-04-19 18:34:09,698 [INFO] HTTP Request: GET https://contract.mexc.com/api/v1/contract/ticker?symbol=BTC_USDT "HTTP/1.1 200 OK"
2026-04-19 18:34:09,700 [INFO] HTTP Request: GET https://contract.mexc.com/api/v1/contract/ticker?symbol=MATIC_USDT "HTTP/1.1 200 OK"
2026-04-19 18:34:09,701 [INFO] HTTP Request: GET https://contract.mexc.com/api/v1/contract/ticker?symbol=AVAX_USDT "HTTP/1.1 200 OK"
2026-04-19 18:34:09,704 [INFO] HTTP Request: GET https://contract.mexc.com/api/v1/contract/ticker?symbol=DOGE_USDT "HTTP/1.1 200 OK"
2026-04-19 18:34:09,706 [INFO] HTTP Request: GET https://contract.mexc.com/api/v1/contract/ticker?symbol=DOT_USDT "HTTP/1.1 200 OK"
2026-04-19 18:34:09,710 [INFO] HTTP Request: GET https://contract.mexc.com/api/v1/contract/ticker?symbol=XRP_USDT "HTTP/1.1 200 OK"
2026-04-19 18:34:09,735 [INFO] HTTP Request: GET https://contract.mexc.com/api/v1/contract/ticker?symbol=ADA_USDT "HTTP/1.1 200 OK"
2026-04-19 18:34:09,896 [INFO] HTTP Request: GET https://contract.mexc.com/api/v1/contract/kline/ETH_USDT?interval=Min15&limit=100 "HTTP/1.1 200 OK"
2026-04-19 18:34:09,899 [INFO] HTTP Request: GET https://contract.mexc.com/api/v1/contract/kline/DOGE_USDT?interval=Min15&limit=100 "HTTP/1.1 200 OK"
2026-04-19 18:34:09,900 [INFO] HTTP Request: GET https://contract.mexc.com/api/v1/contract/kline/DOT_USDT?interval=Min15&limit=100 "HTTP/1.1 200 OK"
2026-04-19 18:34:09,905 [INFO] HTTP Request: GET https://contract.mexc.com/api/v1/contract/kline/AVAX_USDT?interval=Min15&limit=100 "HTTP/1.1 200 OK"
2026-04-19 18:34:09,906 [INFO] HTTP Request: GET https://contract.mexc.com/api/v1/contract/kline/MATIC_USDT?interval=Min15&limit=100 "HTTP/1.1 200 OK"
2026-04-19 18:34:09,910 [INFO] HTTP Request: GET https://contract.mexc.com/api/v1/contract/kline/SOL_USDT?interval=Min15&limit=100 "HTTP/1.1 200 OK"
2026-04-19 18:34:09,913 [INFO] HTTP Request: GET https://contract.mexc.com/api/v1/contract/kline/BTC_USDT?interval=Min15&limit=100 "HTTP/1.1 200 OK"
2026-04-19 18:34:09,916 [INFO] HTTP Request: GET https://contract.mexc.com/api/v1/contract/kline/BNB_USDT?interval=Min15&limit=100 "HTTP/1.1 200 OK"
2026-04-19 18:34:09,922 [INFO] HTTP Request: GET https://contract.mexc.com/api/v1/contract/kline/XRP_USDT?interval=Min15&limit=100 "HTTP/1.1 200 OK"
2026-04-19 18:34:09,930 [INFO] HTTP Request: GET https://contract.mexc.com/api/v1/contract/kline/ADA_USDT?interval=Min15&limit=100 "HTTP/1.1 200 OK"
2026-04-19 18:34:10,629 [INFO] HTTP Request: GET https://contract.mexc.com/api/v1/contract/ticker?symbol=UNI_USDT "HTTP/1.1 200 OK"
2026-04-19 18:34:10,631 [INFO] HTTP Request: GET https://contract.mexc.com/api/v1/contract/ticker?symbol=LINK_USDT "HTTP/1.1 200 OK"
2026-04-19 18:34:10,632 [INFO] HTTP Request: GET https://contract.mexc.com/api/v1/contract/ticker?symbol=BCH_USDT "HTTP/1.1 200 OK"
2026-04-19 18:34:10,636 [INFO] HTTP Request: GET https://contract.mexc.com/api/v1/contract/ticker?symbol=ATOM_USDT "HTTP/1.1 200 OK"
2026-04-19 18:34:10,638 [INFO] HTTP Request: GET https://contract.mexc.com/api/v1/contract/ticker?symbol=LTC_USDT "HTTP/1.1 200 OK"
2026-04-19 18:34:10,641 [INFO] HTTP Request: GET https://contract.mexc.com/api/v1/contract/ticker?symbol=ARB_USDT "HTTP/1.1 200 OK"
2026-04-19 18:34:10,642 [INFO] HTTP Request: GET https://contract.mexc.com/api/v1/contract/ticker?symbol=ETC_USDT "HTTP/1.1 200 OK"
2026-04-19 18:34:10,643 [INFO] HTTP Request: GET https://contract.mexc.com/api/v1/contract/ticker?symbol=FIL_USDT "HTTP/1.1 200 OK"
2026-04-19 18:34:10,648 [INFO] HTTP Request: GET https://contract.mexc.com/api/v1/contract/ticker?symbol=APT_USDT "HTTP/1.1 200 OK"
2026-04-19 18:34:10,650 [INFO] HTTP Request: GET https://contract.mexc.com/api/v1/contract/ticker?symbol=OP_USDT "HTTP/1.1 200 OK"
2026-04-19 18:34:10,828 [INFO] HTTP Request: GET https://contract.mexc.com/api/v1/contract/kline/UNI_USDT?interval=Min15&limit=100 "HTTP/1.1 200 OK"
2026-04-19 18:34:10,837 [INFO] HTTP Request: GET https://contract.mexc.com/api/v1/contract/kline/LINK_USDT?interval=Min15&limit=100 "HTTP/1.1 200 OK"
2026-04-19 18:34:10,840 [INFO] HTTP Request: GET https://contract.mexc.com/api/v1/contract/kline/LTC_USDT?interval=Min15&limit=100 "HTTP/1.1 200 OK"
2026-04-19 18:34:10,843 [INFO] HTTP Request: GET https://contract.mexc.com/api/v1/contract/kline/APT_USDT?interval=Min15&limit=100 "HTTP/1.1 200 OK"
2026-04-19 18:34:10,844 [INFO] HTTP Request: GET https://contract.mexc.com/api/v1/contract/kline/ATOM_USDT?interval=Min15&limit=100 "HTTP/1.1 200 OK"
2026-04-19 18:34:10,849 [INFO] HTTP Request: GET https://contract.mexc.com/api/v1/contract/kline/BCH_USDT?interval=Min15&limit=100 "HTTP/1.1 200 OK"
2026-04-19 18:34:10,850 [INFO] HTTP Request: GET https://contract.mexc.com/api/v1/contract/kline/OP_USDT?interval=Min15&limit=100 "HTTP/1.1 200 OK"
2026-04-19 18:34:10,854 [INFO] HTTP Request: GET https://contract.mexc.com/api/v1/contract/kline/FIL_USDT?interval=Min15&limit=100 "HTTP/1.1 200 OK"
2026-04-19 18:34:10,856 [INFO] HTTP Request: GET https://contract.mexc.com/api/v1/contract/kline/ARB_USDT?interval=Min15&limit=100 "HTTP/1.1 200 OK"
2026-04-19 18:34:10,863 [INFO] HTTP Request: GET https://contract.mexc.com/api/v1/contract/kline/ETC_USDT?interval=Min15&limit=100 "HTTP/1.1 200 OK"
2026-04-19 18:34:11,558 [INFO] HTTP Request: GET https://contract.mexc.com/api/v1/contract/ticker?symbol=SUI_USDT "HTTP/1.1 200 OK"
2026-04-19 18:34:11,561 [INFO] HTTP Request: GET https://contract.mexc.com/api/v1/contract/ticker?symbol=INJ_USDT "HTTP/1.1 200 OK"
2026-04-19 18:34:11,562 [INFO] HTTP Request: GET https://contract.mexc.com/api/v1/contract/ticker?symbol=SEI_USDT "HTTP/1.1 200 OK"
2026-04-19 18:34:11,565 [INFO] HTTP Request: GET https://contract.mexc.com/api/v1/contract/ticker?symbol=FLOKI_USDT "HTTP/1.1 200 OK"
2026-04-19 18:34:11,566 [INFO] HTTP Request: GET https://contract.mexc.com/api/v1/contract/ticker?symbol=WIF_USDT "HTTP/1.1 200 OK"
2026-04-19 18:34:11,567 [INFO] HTTP Request: GET https://contract.mexc.com/api/v1/contract/ticker?symbol=PEPE_USDT "HTTP/1.1 200 OK"
2026-04-19 18:34:11,569 [INFO] HTTP Request: GET https://contract.mexc.com/api/v1/contract/ticker?symbol=TIA_USDT "HTTP/1.1 200 OK"
2026-04-19 18:34:11,571 [INFO] HTTP Request: GET https://contract.mexc.com/api/v1/contract/ticker?symbol=JUP_USDT "HTTP/1.1 200 OK"
2026-04-19 18:34:11,572 [INFO] HTTP Request: GET https://contract.mexc.com/api/v1/contract/ticker?symbol=SHIB_USDT "HTTP/1.1 200 OK"
2026-04-19 18:34:11,575 [INFO] HTTP Request: GET https://contract.mexc.com/api/v1/contract/ticker?symbol=BONK_USDT "HTTP/1.1 200 OK"
2026-04-19 18:34:11,754 [INFO] HTTP Request: GET https://contract.mexc.com/api/v1/contract/kline/SEI_USDT?interval=Min15&limit=100 "HTTP/1.1 200 OK"
2026-04-19 18:34:11,758 [INFO] HTTP Request: GET https://contract.mexc.com/api/v1/contract/kline/JUP_USDT?interval=Min15&limit=100 "HTTP/1.1 200 OK"
2026-04-19 18:34:11,768 [INFO] HTTP Request: GET https://contract.mexc.com/api/v1/contract/kline/FLOKI_USDT?interval=Min15&limit=100 "HTTP/1.1 200 OK"
2026-04-19 18:34:11,770 [INFO] HTTP Request: GET https://contract.mexc.com/api/v1/contract/kline/TIA_USDT?interval=Min15&limit=100 "HTTP/1.1 200 OK"
2026-04-19 18:34:11,772 [INFO] HTTP Request: GET https://contract.mexc.com/api/v1/contract/kline/WIF_USDT?interval=Min15&limit=100 "HTTP/1.1 200 OK"
2026-04-19 18:34:11,774 [INFO] HTTP Request: GET https://contract.mexc.com/api/v1/contract/kline/SUI_USDT?interval=Min15&limit=100 "HTTP/1.1 200 OK"
2026-04-19 18:34:11,775 [INFO] HTTP Request: GET https://contract.mexc.com/api/v1/contract/kline/SHIB_USDT?interval=Min15&limit=100 "HTTP/1.1 200 OK"
2026-04-19 18:34:11,779 [INFO] HTTP Request: GET https://contract.mexc.com/api/v1/contract/kline/INJ_USDT?interval=Min15&limit=100 "HTTP/1.1 200 OK"
2026-04-19 18:34:11,782 [INFO] HTTP Request: GET https://contract.mexc.com/api/v1/contract/kline/PEPE_USDT?interval=Min15&limit=100 "HTTP/1.1 200 OK"
2026-04-19 18:34:11,784 [INFO] HTTP Request: GET https://contract.mexc.com/api/v1/contract/kline/BONK_USDT?interval=Min15&limit=100 "HTTP/1.1 200 OK"
2026-04-19 18:34:12,482 [INFO] HTTP Request: GET https://contract.mexc.com/api/v1/contract/ticker?symbol=FTM_USDT "HTTP/1.1 200 OK"
2026-04-19 18:34:12,485 [INFO] HTTP Request: GET https://contract.mexc.com/api/v1/contract/ticker?symbol=SNX_USDT "HTTP/1.1 200 OK"
2026-04-19 18:34:12,488 [INFO] HTTP Request: GET https://contract.mexc.com/api/v1/contract/ticker?symbol=SUSHI_USDT "HTTP/1.1 200 OK"
2026-04-19 18:34:12,489 [INFO] HTTP Request: GET https://contract.mexc.com/api/v1/contract/ticker?symbol=MKR_USDT "HTTP/1.1 200 OK"
2026-04-19 18:34:12,490 [INFO] HTTP Request: GET https://contract.mexc.com/api/v1/contract/ticker?symbol=COMP_USDT "HTTP/1.1 200 OK"
2026-04-19 18:34:12,491 [INFO] HTTP Request: GET https://contract.mexc.com/api/v1/contract/ticker?symbol=NEAR_USDT "HTTP/1.1 200 OK"
2026-04-19 18:34:12,496 [INFO] HTTP Request: GET https://contract.mexc.com/api/v1/contract/ticker?symbol=AAVE_USDT "HTTP/1.1 200 OK"
2026-04-19 18:34:12,497 [INFO] HTTP Request: GET https://contract.mexc.com/api/v1/contract/ticker?symbol=1INCH_USDT "HTTP/1.1 200 OK"
2026-04-19 18:34:12,499 [INFO] HTTP Request: GET https://contract.mexc.com/api/v1/contract/ticker?symbol=YFI_USDT "HTTP/1.1 200 OK"
2026-04-19 18:34:12,504 [INFO] HTTP Request: GET https://contract.mexc.com/api/v1/contract/ticker?symbol=CRV_USDT "HTTP/1.1 200 OK"
2026-04-19 18:34:12,680 [INFO] HTTP Request: GET https://contract.mexc.com/api/v1/contract/kline/FTM_USDT?interval=Min15&limit=100 "HTTP/1.1 200 OK"
2026-04-19 18:34:12,695 [INFO] HTTP Request: GET https://contract.mexc.com/api/v1/contract/kline/NEAR_USDT?interval=Min15&limit=100 "HTTP/1.1 200 OK"
2026-04-19 18:34:12,701 [INFO] HTTP Request: GET https://contract.mexc.com/api/v1/contract/kline/SUSHI_USDT?interval=Min15&limit=100 "HTTP/1.1 200 OK"
2026-04-19 18:34:12,706 [INFO] HTTP Request: GET https://contract.mexc.com/api/v1/contract/kline/CRV_USDT?interval=Min15&limit=100 "HTTP/1.1 200 OK"
2026-04-19 18:34:12,707 [INFO] HTTP Request: GET https://contract.mexc.com/api/v1/contract/kline/1INCH_USDT?interval=Min15&limit=100 "HTTP/1.1 200 OK"
2026-04-19 18:34:12,708 [INFO] HTTP Request: GET https://contract.mexc.com/api/v1/contract/kline/AAVE_USDT?interval=Min15&limit=100 "HTTP/1.1 200 OK"
2026-04-19 18:34:12,709 [INFO] HTTP Request: GET https://contract.mexc.com/api/v1/contract/kline/COMP_USDT?interval=Min15&limit=100 "HTTP/1.1 200 OK"
2026-04-19 18:34:12,714 [INFO] HTTP Request: GET https://contract.mexc.com/api/v1/contract/kline/SNX_USDT?interval=Min15&limit=100 "HTTP/1.1 200 OK"
2026-04-19 18:34:12,715 [INFO] HTTP Request: GET https://contract.mexc.com/api/v1/contract/kline/MKR_USDT?interval=Min15&limit=100 "HTTP/1.1 200 OK"
2026-04-19 18:34:13,006 [INFO] HTTP Request: GET https://contract.mexc.com/api/v1/contract/kline/YFI_USDT?interval=Min15&limit=100 "HTTP/1.1 200 OK"
2026-04-19 18:34:13,703 [INFO] HTTP Request: GET https://contract.mexc.com/api/v1/contract/ticker?symbol=ICP_USDT "HTTP/1.1 200 OK"
2026-04-19 18:34:13,705 [INFO] HTTP Request: GET https://contract.mexc.com/api/v1/contract/ticker?symbol=HBAR_USDT "HTTP/1.1 200 OK"
2026-04-19 18:34:13,706 [INFO] HTTP Request: GET https://contract.mexc.com/api/v1/contract/ticker?symbol=VET_USDT "HTTP/1.1 200 OK"
2026-04-19 18:34:13,711 [INFO] HTTP Request: GET https://contract.mexc.com/api/v1/contract/ticker?symbol=SAND_USDT "HTTP/1.1 200 OK"
2026-04-19 18:34:13,712 [INFO] HTTP Request: GET https://contract.mexc.com/api/v1/contract/ticker?symbol=GALA_USDT "HTTP/1.1 200 OK"
2026-04-19 18:34:13,713 [INFO] HTTP Request: GET https://contract.mexc.com/api/v1/contract/ticker?symbol=XLM_USDT "HTTP/1.1 200 OK"
2026-04-19 18:34:13,714 [INFO] HTTP Request: GET https://contract.mexc.com/api/v1/contract/ticker?symbol=ALGO_USDT "HTTP/1.1 200 OK"
2026-04-19 18:34:13,719 [INFO] HTTP Request: GET https://contract.mexc.com/api/v1/contract/ticker?symbol=IMX_USDT "HTTP/1.1 200 OK"
2026-04-19 18:34:13,726 [INFO] HTTP Request: GET https://contract.mexc.com/api/v1/contract/ticker?symbol=AXS_USDT "HTTP/1.1 200 OK"
2026-04-19 18:34:13,728 [INFO] HTTP Request: GET https://contract.mexc.com/api/v1/contract/ticker?symbol=MANA_USDT "HTTP/1.1 200 OK"
2026-04-19 18:34:13,901 [INFO] HTTP Request: GET https://contract.mexc.com/api/v1/contract/kline/ICP_USDT?interval=Min15&limit=100 "HTTP/1.1 200 OK"
2026-04-19 18:34:13,912 [INFO] HTTP Request: GET https://contract.mexc.com/api/v1/contract/kline/XLM_USDT?interval=Min15&limit=100 "HTTP/1.1 200 OK"
2026-04-19 18:34:13,915 [INFO] HTTP Request: GET https://contract.mexc.com/api/v1/contract/kline/GALA_USDT?interval=Min15&limit=100 "HTTP/1.1 200 OK"
2026-04-19 18:34:13,918 [INFO] HTTP Request: GET https://contract.mexc.com/api/v1/contract/kline/SAND_USDT?interval=Min15&limit=100 "HTTP/1.1 200 OK"
2026-04-19 18:34:13,919 [INFO] HTTP Request: GET https://contract.mexc.com/api/v1/contract/kline/ALGO_USDT?interval=Min15&limit=100 "HTTP/1.1 200 OK"
2026-04-19 18:34:13,920 [INFO] HTTP Request: GET https://contract.mexc.com/api/v1/contract/kline/VET_USDT?interval=Min15&limit=100 "HTTP/1.1 200 OK"
2026-04-19 18:34:13,925 [INFO] HTTP Request: GET https://contract.mexc.com/api/v1/contract/kline/AXS_USDT?interval=Min15&limit=100 "HTTP/1.1 200 OK"
2026-04-19 18:34:13,925 [INFO] HTTP Request: GET https://contract.mexc.com/api/v1/contract/kline/MANA_USDT?interval=Min15&limit=100 "HTTP/1.1 200 OK"
2026-04-19 18:34:13,932 [INFO] HTTP Request: GET https://contract.mexc.com/api/v1/contract/kline/IMX_USDT?interval=Min15&limit=100 "HTTP/1.1 200 OK"
2026-04-19 18:34:13,935 [INFO] HTTP Request: GET https://contract.mexc.com/api/v1/contract/kline/HBAR_USDT?interval=Min15&limit=100 "HTTP/1.1 200 OK"
2026-04-19 18:34:14,633 [INFO] HTTP Request: GET https://contract.mexc.com/api/v1/contract/ticker?symbol=DYDX_USDT "HTTP/1.1 200 OK"
2026-04-19 18:34:14,635 [INFO] HTTP Request: GET https://contract.mexc.com/api/v1/contract/ticker?symbol=RPL_USDT "HTTP/1.1 200 OK"
2026-04-19 18:34:14,637 [INFO] HTTP Request: GET https://contract.mexc.com/api/v1/contract/ticker?symbol=GMX_USDT "HTTP/1.1 200 OK"
2026-04-19 18:34:14,640 [INFO] HTTP Request: GET https://contract.mexc.com/api/v1/contract/ticker?symbol=CELR_USDT "HTTP/1.1 200 OK"
2026-04-19 18:34:14,641 [INFO] HTTP Request: GET https://contract.mexc.com/api/v1/contract/ticker?symbol=LDO_USDT "HTTP/1.1 200 OK"
2026-04-19 18:34:14,644 [INFO] HTTP Request: GET https://contract.mexc.com/api/v1/contract/ticker?symbol=MAGIC_USDT "HTTP/1.1 200 OK"
2026-04-19 18:34:14,644 [INFO] HTTP Request: GET https://contract.mexc.com/api/v1/contract/ticker?symbol=APE_USDT "HTTP/1.1 200 OK"
2026-04-19 18:34:14,645 [INFO] HTTP Request: GET https://contract.mexc.com/api/v1/contract/ticker?symbol=BLUR_USDT "HTTP/1.1 200 OK"
2026-04-19 18:34:14,649 [INFO] HTTP Request: GET https://contract.mexc.com/api/v1/contract/ticker?symbol=ROSE_USDT "HTTP/1.1 200 OK"
2026-04-19 18:34:14,651 [INFO] HTTP Request: GET https://contract.mexc.com/api/v1/contract/ticker?symbol=GMT_USDT "HTTP/1.1 200 OK"
2026-04-19 18:34:14,829 [INFO] HTTP Request: GET https://contract.mexc.com/api/v1/contract/kline/DYDX_USDT?interval=Min15&limit=100 "HTTP/1.1 200 OK"
2026-04-19 18:34:14,832 [INFO] Telegram Message Triggered: <b>🚀 İŞLEME GİRİLDİ: DYDX_USDT</b>
━━━━━━━━━━━━━━━━━━━━━
📍 Giriş Fiyatı: <code>0.142</code>
↕️ Yön: ...
2026-04-19 18:34:14,832 [INFO] Telegram credentials missing, skipping actual send
2026-04-19 18:34:14,837 [INFO] HTTP Request: GET https://contract.mexc.com/api/v1/contract/kline/GMX_USDT?interval=Min15&limit=100 "HTTP/1.1 200 OK"
2026-04-19 18:34:14,844 [INFO] HTTP Request: GET https://contract.mexc.com/api/v1/contract/kline/LDO_USDT?interval=Min15&limit=100 "HTTP/1.1 200 OK"
2026-04-19 18:34:14,845 [INFO] HTTP Request: GET https://contract.mexc.com/api/v1/contract/kline/CELR_USDT?interval=Min15&limit=100 "HTTP/1.1 200 OK"
2026-04-19 18:34:14,852 [INFO] HTTP Request: GET https://contract.mexc.com/api/v1/contract/kline/APE_USDT?interval=Min15&limit=100 "HTTP/1.1 200 OK"
2026-04-19 18:34:14,853 [INFO] HTTP Request: GET https://contract.mexc.com/api/v1/contract/kline/GMT_USDT?interval=Min15&limit=100 "HTTP/1.1 200 OK"
2026-04-19 18:34:14,858 [INFO] HTTP Request: GET https://contract.mexc.com/api/v1/contract/kline/MAGIC_USDT?interval=Min15&limit=100 "HTTP/1.1 200 OK"
2026-04-19 18:34:14,859 [INFO] HTTP Request: GET https://contract.mexc.com/api/v1/contract/kline/ROSE_USDT?interval=Min15&limit=100 "HTTP/1.1 200 OK"
2026-04-19 18:34:14,860 [INFO] HTTP Request: GET https://contract.mexc.com/api/v1/contract/kline/RPL_USDT?interval=Min15&limit=100 "HTTP/1.1 200 OK"
2026-04-19 18:34:14,866 [INFO] HTTP Request: GET https://contract.mexc.com/api/v1/contract/kline/BLUR_USDT?interval=Min15&limit=100 "HTTP/1.1 200 OK"
2026-04-19 18:34:15,371 [INFO] Tarama tamamlandı — 60 pair işlendi
2026-04-19 18:34:45,621 [INFO] HTTP Request: GET https://contract.mexc.com/api/v1/contract/ticker?symbol=ADA_USDT "HTTP/1.1 200 OK"
2026-04-19 18:34:45,707 [INFO] HTTP Request: GET https://contract.mexc.com/api/v1/contract/ticker?symbol=SOL_USDT "HTTP/1.1 200 OK"
2026-04-19 18:34:45,709 [INFO] HTTP Request: GET https://contract.mexc.com/api/v1/contract/ticker?symbol=DOGE_USDT "HTTP/1.1 200 OK"
2026-04-19 18:34:45,711 [INFO] HTTP Request: GET https://contract.mexc.com/api/v1/contract/ticker?symbol=XRP_USDT "HTTP/1.1 200 OK"
2026-04-19 18:34:45,712 [INFO] HTTP Request: GET https://contract.mexc.com/api/v1/contract/ticker?symbol=BTC_USDT "HTTP/1.1 200 OK"
2026-04-19 18:34:45,712 [INFO] HTTP Request: GET https://contract.mexc.com/api/v1/contract/ticker?symbol=AVAX_USDT "HTTP/1.1 200 OK"
2026-04-19 18:34:45,715 [INFO] HTTP Request: GET https://contract.mexc.com/api/v1/contract/ticker?symbol=MATIC_USDT "HTTP/1.1 200 OK"
2026-04-19 18:34:45,717 [INFO] HTTP Request: GET https://contract.mexc.com/api/v1/contract/ticker?symbol=BNB_USDT "HTTP/1.1 200 OK"
2026-04-19 18:34:45,718 [INFO] HTTP Request: GET https://contract.mexc.com/api/v1/contract/ticker?symbol=DOT_USDT "HTTP/1.1 200 OK"
2026-04-19 18:34:45,719 [INFO] HTTP Request: GET https://contract.mexc.com/api/v1/contract/ticker?symbol=ETH_USDT "HTTP/1.1 200 OK"
2026-04-19 18:34:45,835 [INFO] HTTP Request: GET https://contract.mexc.com/api/v1/contract/kline/ADA_USDT?interval=Min15&limit=100 "HTTP/1.1 200 OK"
2026-04-19 18:34:45,906 [INFO] HTTP Request: GET https://contract.mexc.com/api/v1/contract/kline/SOL_USDT?interval=Min15&limit=100 "HTTP/1.1 200 OK"
2026-04-19 18:34:45,910 [INFO] HTTP Request: GET https://contract.mexc.com/api/v1/contract/kline/ETH_USDT?interval=Min15&limit=100 "HTTP/1.1 200 OK"
2026-04-19 18:34:45,914 [INFO] HTTP Request: GET https://contract.mexc.com/api/v1/contract/kline/AVAX_USDT?interval=Min15&limit=100 "HTTP/1.1 200 OK"
2026-04-19 18:34:45,914 [INFO] HTTP Request: GET https://contract.mexc.com/api/v1/contract/kline/DOT_USDT?interval=Min15&limit=100 "HTTP/1.1 200 OK"
2026-04-19 18:34:45,915 [INFO] HTTP Request: GET https://contract.mexc.com/api/v1/contract/kline/DOGE_USDT?interval=Min15&limit=100 "HTTP/1.1 200 OK"
2026-04-19 18:34:45,916 [INFO] HTTP Request: GET https://contract.mexc.com/api/v1/contract/kline/BTC_USDT?interval=Min15&limit=100 "HTTP/1.1 200 OK"
2026-04-19 18:34:45,921 [INFO] HTTP Request: GET https://contract.mexc.com/api/v1/contract/kline/BNB_USDT?interval=Min15&limit=100 "HTTP/1.1 200 OK"
2026-04-19 18:34:45,927 [INFO] HTTP Request: GET https://contract.mexc.com/api/v1/contract/kline/XRP_USDT?interval=Min15&limit=100 "HTTP/1.1 200 OK"
2026-04-19 18:34:45,932 [INFO] HTTP Request: GET https://contract.mexc.com/api/v1/contract/kline/MATIC_USDT?interval=Min15&limit=100 "HTTP/1.1 200 OK"
2026-04-19 18:34:46,646 [INFO] HTTP Request: GET https://contract.mexc.com/api/v1/contract/ticker?symbol=LINK_USDT "HTTP/1.1 200 OK"
2026-04-19 18:34:46,654 [INFO] HTTP Request: GET https://contract.mexc.com/api/v1/contract/ticker?symbol=UNI_USDT "HTTP/1.1 200 OK"
2026-04-19 18:34:46,658 [INFO] HTTP Request: GET https://contract.mexc.com/api/v1/contract/ticker?symbol=BCH_USDT "HTTP/1.1 200 OK"
2026-04-19 18:34:46,663 [INFO] HTTP Request: GET https://contract.mexc.com/api/v1/contract/ticker?symbol=ETC_USDT "HTTP/1.1 200 OK"
2026-04-19 18:34:46,665 [INFO] HTTP Request: GET https://contract.mexc.com/api/v1/contract/ticker?symbol=LTC_USDT "HTTP/1.1 200 OK"
2026-04-19 18:34:46,669 [INFO] HTTP Request: GET https://contract.mexc.com/api/v1/contract/ticker?symbol=ARB_USDT "HTTP/1.1 200 OK"
2026-04-19 18:34:46,676 [INFO] HTTP Request: GET https://contract.mexc.com/api/v1/contract/ticker?symbol=ATOM_USDT "HTTP/1.1 200 OK"
2026-04-19 18:34:46,677 [INFO] HTTP Request: GET https://contract.mexc.com/api/v1/contract/ticker?symbol=APT_USDT "HTTP/1.1 200 OK"
2026-04-19 18:34:46,679 [INFO] HTTP Request: GET https://contract.mexc.com/api/v1/contract/ticker?symbol=OP_USDT "HTTP/1.1 200 OK"
2026-04-19 18:34:46,684 [INFO] HTTP Request: GET https://contract.mexc.com/api/v1/contract/ticker?symbol=FIL_USDT "HTTP/1.1 200 OK"
2026-04-19 18:34:46,834 [INFO] HTTP Request: GET https://contract.mexc.com/api/v1/contract/kline/LINK_USDT?interval=Min15&limit=100 "HTTP/1.1 200 OK"
2026-04-19 18:34:46,847 [INFO] HTTP Request: GET https://contract.mexc.com/api/v1/contract/kline/UNI_USDT?interval=Min15&limit=100 "HTTP/1.1 200 OK"
2026-04-19 18:34:46,852 [INFO] HTTP Request: GET https://contract.mexc.com/api/v1/contract/kline/BCH_USDT?interval=Min15&limit=100 "HTTP/1.1 200 OK"
2026-04-19 18:34:46,856 [INFO] HTTP Request: GET https://contract.mexc.com/api/v1/contract/kline/LTC_USDT?interval=Min15&limit=100 "HTTP/1.1 200 OK"
2026-04-19 18:34:46,859 [INFO] HTTP Request: GET https://contract.mexc.com/api/v1/contract/kline/ARB_USDT?interval=Min15&limit=100 "HTTP/1.1 200 OK"
2026-04-19 18:34:46,866 [INFO] HTTP Request: GET https://contract.mexc.com/api/v1/contract/kline/ETC_USDT?interval=Min15&limit=100 "HTTP/1.1 200 OK"
2026-04-19 18:34:46,867 [INFO] HTTP Request: GET https://contract.mexc.com/api/v1/contract/kline/ATOM_USDT?interval=Min15&limit=100 "HTTP/1.1 200 OK"
2026-04-19 18:34:46,872 [INFO] HTTP Request: GET https://contract.mexc.com/api/v1/contract/kline/FIL_USDT?interval=Min15&limit=100 "HTTP/1.1 200 OK"
2026-04-19 18:34:46,873 [INFO] HTTP Request: GET https://contract.mexc.com/api/v1/contract/kline/OP_USDT?interval=Min15&limit=100 "HTTP/1.1 200 OK"
2026-04-19 18:34:46,889 [INFO] HTTP Request: GET https://contract.mexc.com/api/v1/contract/kline/APT_USDT?interval=Min15&limit=100 "HTTP/1.1 200 OK"
2026-04-19 18:34:47,585 [INFO] HTTP Request: GET https://contract.mexc.com/api/v1/contract/ticker?symbol=SUI_USDT "HTTP/1.1 200 OK"
2026-04-19 18:34:47,587 [INFO] HTTP Request: GET https://contract.mexc.com/api/v1/contract/ticker?symbol=INJ_USDT "HTTP/1.1 200 OK"
2026-04-19 18:34:47,589 [INFO] HTTP Request: GET https://contract.mexc.com/api/v1/contract/ticker?symbol=PEPE_USDT "HTTP/1.1 200 OK"
2026-04-19 18:34:47,593 [INFO] HTTP Request: GET https://contract.mexc.com/api/v1/contract/ticker?symbol=SEI_USDT "HTTP/1.1 200 OK"
2026-04-19 18:34:47,594 [INFO] HTTP Request: GET https://contract.mexc.com/api/v1/contract/ticker?symbol=BONK_USDT "HTTP/1.1 200 OK"
2026-04-19 18:34:47,595 [INFO] HTTP Request: GET https://contract.mexc.com/api/v1/contract/ticker?symbol=FLOKI_USDT "HTTP/1.1 200 OK"
2026-04-19 18:34:47,596 [INFO] HTTP Request: GET https://contract.mexc.com/api/v1/contract/ticker?symbol=WIF_USDT "HTTP/1.1 200 OK"
2026-04-19 18:34:47,599 [INFO] HTTP Request: GET https://contract.mexc.com/api/v1/contract/ticker?symbol=TIA_USDT "HTTP/1.1 200 OK"
2026-04-19 18:34:47,599 [INFO] HTTP Request: GET https://contract.mexc.com/api/v1/contract/ticker?symbol=SHIB_USDT "HTTP/1.1 200 OK"
2026-04-19 18:34:47,602 [INFO] HTTP Request: GET https://contract.mexc.com/api/v1/contract/ticker?symbol=JUP_USDT "HTTP/1.1 200 OK"
2026-04-19 18:34:47,777 [INFO] HTTP Request: GET https://contract.mexc.com/api/v1/contract/kline/SUI_USDT?interval=Min15&limit=100 "HTTP/1.1 200 OK"
2026-04-19 18:34:47,783 [INFO] HTTP Request: GET https://contract.mexc.com/api/v1/contract/kline/INJ_USDT?interval=Min15&limit=100 "HTTP/1.1 200 OK"
2026-04-19 18:34:47,786 [INFO] HTTP Request: GET https://contract.mexc.com/api/v1/contract/kline/PEPE_USDT?interval=Min15&limit=100 "HTTP/1.1 200 OK"
2026-04-19 18:34:47,787 [INFO] HTTP Request: GET https://contract.mexc.com/api/v1/contract/kline/JUP_USDT?interval=Min15&limit=100 "HTTP/1.1 200 OK"
2026-04-19 18:34:47,792 [INFO] HTTP Request: GET https://contract.mexc.com/api/v1/contract/kline/SEI_USDT?interval=Min15&limit=100 "HTTP/1.1 200 OK"
2026-04-19 18:34:47,795 [INFO] HTTP Request: GET https://contract.mexc.com/api/v1/contract/kline/SHIB_USDT?interval=Min15&limit=100 "HTTP/1.1 200 OK"
2026-04-19 18:34:47,799 [INFO] HTTP Request: GET https://contract.mexc.com/api/v1/contract/kline/BONK_USDT?interval=Min15&limit=100 "HTTP/1.1 200 OK"
2026-04-19 18:34:47,807 [INFO] HTTP Request: GET https://contract.mexc.com/api/v1/contract/kline/FLOKI_USDT?interval=Min15&limit=100 "HTTP/1.1 200 OK"
2026-04-19 18:34:47,814 [INFO] HTTP Request: GET https://contract.mexc.com/api/v1/contract/kline/TIA_USDT?interval=Min15&limit=100 "HTTP/1.1 200 OK"
2026-04-19 18:34:47,820 [INFO] HTTP Request: GET https://contract.mexc.com/api/v1/contract/kline/WIF_USDT?interval=Min15&limit=100 "HTTP/1.1 200 OK"
2026-04-19 18:34:48,521 [INFO] HTTP Request: GET https://contract.mexc.com/api/v1/contract/ticker?symbol=SNX_USDT "HTTP/1.1 200 OK"
2026-04-19 18:34:48,523 [INFO] HTTP Request: GET https://contract.mexc.com/api/v1/contract/ticker?symbol=FTM_USDT "HTTP/1.1 200 OK"
2026-04-19 18:34:48,524 [INFO] HTTP Request: GET https://contract.mexc.com/api/v1/contract/ticker?symbol=MKR_USDT "HTTP/1.1 200 OK"
2026-04-19 18:34:48,525 [INFO] HTTP Request: GET https://contract.mexc.com/api/v1/contract/ticker?symbol=NEAR_USDT "HTTP/1.1 200 OK"
2026-04-19 18:34:48,527 [INFO] HTTP Request: GET https://contract.mexc.com/api/v1/contract/ticker?symbol=COMP_USDT "HTTP/1.1 200 OK"
2026-04-19 18:34:48,529 [INFO] HTTP Request: GET https://contract.mexc.com/api/v1/contract/ticker?symbol=1INCH_USDT "HTTP/1.1 200 OK"
2026-04-19 18:34:48,530 [INFO] HTTP Request: GET https://contract.mexc.com/api/v1/contract/ticker?symbol=SUSHI_USDT "HTTP/1.1 200 OK"
2026-04-19 18:34:48,532 [INFO] HTTP Request: GET https://contract.mexc.com/api/v1/contract/ticker?symbol=YFI_USDT "HTTP/1.1 200 OK"
2026-04-19 18:34:48,533 [INFO] HTTP Request: GET https://contract.mexc.com/api/v1/contract/ticker?symbol=AAVE_USDT "HTTP/1.1 200 OK"
2026-04-19 18:34:48,534 [INFO] HTTP Request: GET https://contract.mexc.com/api/v1/contract/ticker?symbol=CRV_USDT "HTTP/1.1 200 OK"
2026-04-19 18:34:48,718 [INFO] HTTP Request: GET https://contract.mexc.com/api/v1/contract/kline/SNX_USDT?interval=Min15&limit=100 "HTTP/1.1 200 OK"
2026-04-19 18:34:48,720 [INFO] HTTP Request: GET https://contract.mexc.com/api/v1/contract/kline/NEAR_USDT?interval=Min15&limit=100 "HTTP/1.1 200 OK"
2026-04-19 18:34:48,724 [INFO] HTTP Request: GET https://contract.mexc.com/api/v1/contract/kline/FTM_USDT?interval=Min15&limit=100 "HTTP/1.1 200 OK"
2026-04-19 18:34:48,726 [INFO] HTTP Request: GET https://contract.mexc.com/api/v1/contract/kline/1INCH_USDT?interval=Min15&limit=100 "HTTP/1.1 200 OK"
2026-04-19 18:34:48,728 [INFO] HTTP Request: GET https://contract.mexc.com/api/v1/contract/kline/MKR_USDT?interval=Min15&limit=100 "HTTP/1.1 200 OK"
2026-04-19 18:34:48,731 [INFO] HTTP Request: GET https://contract.mexc.com/api/v1/contract/kline/AAVE_USDT?interval=Min15&limit=100 "HTTP/1.1 200 OK"
2026-04-19 18:34:48,732 [INFO] HTTP Request: GET https://contract.mexc.com/api/v1/contract/kline/SUSHI_USDT?interval=Min15&limit=100 "HTTP/1.1 200 OK"
2026-04-19 18:34:48,736 [INFO] HTTP Request: GET https://contract.mexc.com/api/v1/contract/kline/CRV_USDT?interval=Min15&limit=100 "HTTP/1.1 200 OK"
2026-04-19 18:34:48,737 [INFO] HTTP Request: GET https://contract.mexc.com/api/v1/contract/kline/COMP_USDT?interval=Min15&limit=100 "HTTP/1.1 200 OK"
2026-04-19 18:34:48,741 [INFO] HTTP Request: GET https://contract.mexc.com/api/v1/contract/kline/YFI_USDT?interval=Min15&limit=100 "HTTP/1.1 200 OK"
2026-04-19 18:34:49,440 [INFO] HTTP Request: GET https://contract.mexc.com/api/v1/contract/ticker?symbol=ICP_USDT "HTTP/1.1 200 OK"
2026-04-19 18:34:49,442 [INFO] HTTP Request: GET https://contract.mexc.com/api/v1/contract/ticker?symbol=SAND_USDT "HTTP/1.1 200 OK"
2026-04-19 18:34:49,444 [INFO] HTTP Request: GET https://contract.mexc.com/api/v1/contract/ticker?symbol=HBAR_USDT "HTTP/1.1 200 OK"
2026-04-19 18:34:49,445 [INFO] HTTP Request: GET https://contract.mexc.com/api/v1/contract/ticker?symbol=GALA_USDT "HTTP/1.1 200 OK"
2026-04-19 18:34:49,448 [INFO] HTTP Request: GET https://contract.mexc.com/api/v1/contract/ticker?symbol=IMX_USDT "HTTP/1.1 200 OK"
2026-04-19 18:34:49,449 [INFO] HTTP Request: GET https://contract.mexc.com/api/v1/contract/ticker?symbol=XLM_USDT "HTTP/1.1 200 OK"
2026-04-19 18:34:49,451 [INFO] HTTP Request: GET https://contract.mexc.com/api/v1/contract/ticker?symbol=MANA_USDT "HTTP/1.1 200 OK"
2026-04-19 18:34:49,453 [INFO] HTTP Request: GET https://contract.mexc.com/api/v1/contract/ticker?symbol=ALGO_USDT "HTTP/1.1 200 OK"
2026-04-19 18:34:49,455 [INFO] HTTP Request: GET https://contract.mexc.com/api/v1/contract/ticker?symbol=VET_USDT "HTTP/1.1 200 OK"
2026-04-19 18:34:49,457 [INFO] HTTP Request: GET https://contract.mexc.com/api/v1/contract/ticker?symbol=AXS_USDT "HTTP/1.1 200 OK"
2026-04-19 18:34:49,639 [INFO] HTTP Request: GET https://contract.mexc.com/api/v1/contract/kline/ICP_USDT?interval=Min15&limit=100 "HTTP/1.1 200 OK"
2026-04-19 18:34:49,643 [INFO] HTTP Request: GET https://contract.mexc.com/api/v1/contract/kline/IMX_USDT?interval=Min15&limit=100 "HTTP/1.1 200 OK"
2026-04-19 18:34:49,647 [INFO] HTTP Request: GET https://contract.mexc.com/api/v1/contract/kline/VET_USDT?interval=Min15&limit=100 "HTTP/1.1 200 OK"
2026-04-19 18:34:49,651 [INFO] HTTP Request: GET https://contract.mexc.com/api/v1/contract/kline/SAND_USDT?interval=Min15&limit=100 "HTTP/1.1 200 OK"
2026-04-19 18:34:49,652 [INFO] HTTP Request: GET https://contract.mexc.com/api/v1/contract/kline/MANA_USDT?interval=Min15&limit=100 "HTTP/1.1 200 OK"
2026-04-19 18:34:49,657 [INFO] HTTP Request: GET https://contract.mexc.com/api/v1/contract/kline/XLM_USDT?interval=Min15&limit=100 "HTTP/1.1 200 OK"
2026-04-19 18:34:49,660 [INFO] HTTP Request: GET https://contract.mexc.com/api/v1/contract/kline/AXS_USDT?interval=Min15&limit=100 "HTTP/1.1 200 OK"
2026-04-19 18:34:49,666 [INFO] HTTP Request: GET https://contract.mexc.com/api/v1/contract/kline/HBAR_USDT?interval=Min15&limit=100 "HTTP/1.1 200 OK"
2026-04-19 18:34:49,669 [INFO] HTTP Request: GET https://contract.mexc.com/api/v1/contract/kline/GALA_USDT?interval=Min15&limit=100 "HTTP/1.1 200 OK"
2026-04-19 18:34:49,672 [INFO] HTTP Request: GET https://contract.mexc.com/api/v1/contract/kline/ALGO_USDT?interval=Min15&limit=100 "HTTP/1.1 200 OK"
2026-04-19 18:34:50,369 [INFO] HTTP Request: GET https://contract.mexc.com/api/v1/contract/ticker?symbol=LDO_USDT "HTTP/1.1 200 OK"
2026-04-19 18:34:50,371 [INFO] HTTP Request: GET https://contract.mexc.com/api/v1/contract/ticker?symbol=RPL_USDT "HTTP/1.1 200 OK"
2026-04-19 18:34:50,372 [INFO] HTTP Request: GET https://contract.mexc.com/api/v1/contract/ticker?symbol=MAGIC_USDT "HTTP/1.1 200 OK"
2026-04-19 18:34:50,374 [INFO] HTTP Request: GET https://contract.mexc.com/api/v1/contract/ticker?symbol=BLUR_USDT "HTTP/1.1 200 OK"
2026-04-19 18:34:50,376 [INFO] HTTP Request: GET https://contract.mexc.com/api/v1/contract/ticker?symbol=CELR_USDT "HTTP/1.1 200 OK"
2026-04-19 18:34:50,376 [INFO] HTTP Request: GET https://contract.mexc.com/api/v1/contract/ticker?symbol=ROSE_USDT "HTTP/1.1 200 OK"
2026-04-19 18:34:50,379 [INFO] HTTP Request: GET https://contract.mexc.com/api/v1/contract/ticker?symbol=DYDX_USDT "HTTP/1.1 200 OK"
2026-04-19 18:34:50,380 [INFO] HTTP Request: GET https://contract.mexc.com/api/v1/contract/ticker?symbol=APE_USDT "HTTP/1.1 200 OK"
2026-04-19 18:34:50,381 [INFO] HTTP Request: GET https://contract.mexc.com/api/v1/contract/ticker?symbol=GMT_USDT "HTTP/1.1 200 OK"
2026-04-19 18:34:50,382 [INFO] HTTP Request: GET https://contract.mexc.com/api/v1/contract/ticker?symbol=GMX_USDT "HTTP/1.1 200 OK"
2026-04-19 18:34:50,562 [INFO] HTTP Request: GET https://contract.mexc.com/api/v1/contract/kline/LDO_USDT?interval=Min15&limit=100 "HTTP/1.1 200 OK"
2026-04-19 18:34:50,573 [INFO] HTTP Request: GET https://contract.mexc.com/api/v1/contract/kline/CELR_USDT?interval=Min15&limit=100 "HTTP/1.1 200 OK"
2026-04-19 18:34:50,574 [INFO] HTTP Request: GET https://contract.mexc.com/api/v1/contract/kline/MAGIC_USDT?interval=Min15&limit=100 "HTTP/1.1 200 OK"
2026-04-19 18:34:50,578 [INFO] HTTP Request: GET https://contract.mexc.com/api/v1/contract/kline/RPL_USDT?interval=Min15&limit=100 "HTTP/1.1 200 OK"
2026-04-19 18:34:50,579 [INFO] HTTP Request: GET https://contract.mexc.com/api/v1/contract/kline/DYDX_USDT?interval=Min15&limit=100 "HTTP/1.1 200 OK"
2026-04-19 18:34:50,580 [INFO] HTTP Request: GET https://contract.mexc.com/api/v1/contract/kline/GMT_USDT?interval=Min15&limit=100 "HTTP/1.1 200 OK"
2026-04-19 18:34:50,586 [INFO] HTTP Request: GET https://contract.mexc.com/api/v1/contract/kline/GMX_USDT?interval=Min15&limit=100 "HTTP/1.1 200 OK"
2026-04-19 18:34:50,594 [INFO] HTTP Request: GET https://contract.mexc.com/api/v1/contract/kline/ROSE_USDT?interval=Min15&limit=100 "HTTP/1.1 200 OK"
2026-04-19 18:34:50,600 [INFO] HTTP Request: GET https://contract.mexc.com/api/v1/contract/kline/BLUR_USDT?interval=Min15&limit=100 "HTTP/1.1 200 OK"
2026-04-19 18:34:50,603 [INFO] HTTP Request: GET https://contract.mexc.com/api/v1/contract/kline/APE_USDT?interval=Min15&limit=100 "HTTP/1.1 200 OK"
2026-04-19 18:34:51,106 [INFO] Tarama tamamlandı — 60 pair işlendi
